Build started 25/03/2015 15:17:16.
     1>Project "c:\Users\Aline\documents\visual studio 2013\Projects\Exercicio_3.46\Exercicio_3.46\Exercicio_3.46.vcxproj" on node 2 (Build target(s)).
     1>ClCompile:
         C:\Program Files (x86)\Microsoft Visual Studio 12.0\VC\bin\CL.exe /c /ZI /nologo /W3 /WX- /Od /Oy- /D WIN32 /D _DEBUG /D _CONSOLE /D _LIB /D _UNICODE /D UNICODE /Gm /EHsc /RTC1 /MDd /GS /fp:precise /Zc:wchar_t /Zc:forScope /Yc"stdafx.h" /Fp"Debug\Exercicio_3.46.pch" /Fo"Debug\\" /Fd"Debug\vc120.pdb" /Gd /TP /analyze- /errorReport:prompt stdafx.cpp
         stdafx.cpp
         C:\Program Files (x86)\Microsoft Visual Studio 12.0\VC\bin\CL.exe /c /ZI /nologo /W3 /WX- /Od /Oy- /D WIN32 /D _DEBUG /D _CONSOLE /D _LIB /D _UNICODE /D UNICODE /Gm /EHsc /RTC1 /MDd /GS /fp:precise /Zc:wchar_t /Zc:forScope /Yu"stdafx.h" /Fp"Debug\Exercicio_3.46.pch" /Fo"Debug\\" /Fd"Debug\vc120.pdb" /Gd /TP /analyze- /errorReport:prompt Exercicio_3.46.cpp funcoes.cpp
         funcoes.cpp
         Exercicio_3.46.cpp
     1>c:\users\aline\documents\visual studio 2013\projects\exercicio_3.46\exercicio_3.46\exercicio_3.46.cpp(17): warning C4996: 'scanf': This function or variable may be unsafe. Consider using scanf_s instead. To disable deprecation, use _CRT_SECURE_NO_WARNINGS. See online help for details.
                 c:\program files (x86)\microsoft visual studio 12.0\vc\include\stdio.h(283) : see declaration of 'scanf'
     1>c:\users\aline\documents\visual studio 2013\projects\exercicio_3.46\exercicio_3.46\exercicio_3.46.cpp(19): warning C4244: 'argument' : conversion from 'long double' to 'int', possible loss of data
     1>c:\users\aline\documents\visual studio 2013\projects\exercicio_3.46\exercicio_3.46\exercicio_3.46.cpp(26): warning C4996: 'scanf': This function or variable may be unsafe. Consider using scanf_s instead. To disable deprecation, use _CRT_SECURE_NO_WARNINGS. See online help for details.
                 c:\program files (x86)\microsoft visual studio 12.0\vc\include\stdio.h(283) : see declaration of 'scanf'
     1>c:\users\aline\documents\visual studio 2013\projects\exercicio_3.46\exercicio_3.46\exercicio_3.46.cpp(35): warning C4996: 'scanf': This function or variable may be unsafe. Consider using scanf_s instead. To disable deprecation, use _CRT_SECURE_NO_WARNINGS. See online help for details.
                 c:\program files (x86)\microsoft visual studio 12.0\vc\include\stdio.h(283) : see declaration of 'scanf'
     1>c:\users\aline\documents\visual studio 2013\projects\exercicio_3.46\exercicio_3.46\exercicio_3.46.cpp(41): warning C4996: 'scanf': This function or variable may be unsafe. Consider using scanf_s instead. To disable deprecation, use _CRT_SECURE_NO_WARNINGS. See online help for details.
                 c:\program files (x86)\microsoft visual studio 12.0\vc\include\stdio.h(283) : see declaration of 'scanf'
         Generating Code...
       Link:
         C:\Program Files (x86)\Microsoft Visual Studio 12.0\VC\bin\link.exe /ERRORREPORT:PROMPT /OUT:"c:\users\aline\documents\visual studio 2013\Projects\Exercicio_3.46\Debug\Exercicio_3.46.exe" /INCREMENTAL /NOLOGO kernel32.lib user32.lib gdi32.lib winspool.lib comdlg32.lib advapi32.lib shell32.lib ole32.lib oleaut32.lib uuid.lib odbc32.lib odbccp32.lib /MANIFEST /MANIFESTUAC:"level='asInvoker' uiAccess='false'" /manifest:embed /DEBUG /PDB:"c:\users\aline\documents\visual studio 2013\Projects\Exercicio_3.46\Debug\Exercicio_3.46.pdb" /SUBSYSTEM:CONSOLE /TLBID:1 /DYNAMICBASE /NXCOMPAT /IMPLIB:"c:\users\aline\documents\visual studio 2013\Projects\Exercicio_3.46\Debug\Exercicio_3.46.lib" /MACHINE:X86 Debug\Exercicio_3.46.obj
         Debug\funcoes.obj
         Debug\stdafx.obj
         Exercicio_3.46.vcxproj -> c:\users\aline\documents\visual studio 2013\Projects\Exercicio_3.46\Debug\Exercicio_3.46.exe
     1>Done Building Project "c:\Users\Aline\documents\visual studio 2013\Projects\Exercicio_3.46\Exercicio_3.46\Exercicio_3.46.vcxproj" (Build target(s)).

Build succeeded.

Time Elapsed 00:00:01.41
